<?xml version="1.0" encoding="UTF-8"?>
<!-- Generated by org.testng.reporters.JUnitReportReporter -->
<testsuite hostname="DESKTOP-7INQOFE" failures="0" tests="1" name="org.test.NewTest" time="0.011" errors="1" timestamp="27 Sep 2024 11:49:42 GMT">
  <testcase classname="org.test.NewTest" name="tc1" time="0.011">
    <error type="java.lang.StackOverflowError">
      <![CDATA[java.lang.StackOverflowError
	at org.helper.Helper.getDateAndTime(Helper.java:70)
	at org.helper.Helper.getDateAndTime(Helper.java:70)
	at org.helper.Helper.getDateAndTime(Helper.java:70)
	at org.helper.Helper.getDateAndTime(Helper.java:70)
	at org.helper.Helper.getDateAndTime(Helper.java:70)
	at org.helper.Helper.getDateAndTime(Helper.java:70)
	at org.helper.Helper.getDateAndTime(Helper.java:70)
	at org.helper.Helper.getDateAndTime(Helper.java:70)
	at org.helper.Helper.getDateAndTime(Helper.java:70)
	at org.helper.Helper.getDateAndTime(Helper.java:70)
	at org.helper.Helper.getDateAndTime(Helper.java:70)
	at org.helper.Helper.getDateAndTime(Helper.java:70)
	at org.helper.Helper.getDateAndTime(Helper.java:70)
	at org.helper.Helper.getDateAndTime(Helper.java:70)
	at org.helper.Helper.getDateAndTime(Helper.java:70)
	at org.helper.Helper.getDateAndTime(Helper.java:70)
	at org.helper.Helper.getDateAndTime(Helper.java:70)
	at org.helper.Helper.getDateAndTime(Helper.java:70)
	at org.helper.Helper.getDateAndTime(Helper.java:70)
	at org.helper.Helper.getDateAndTime(Helper.java:70)
	at org.helper.Helper.getDateAndTime(Helper.java:70)
	at org.helper.Helper.getDateAndTime(Helper.java:70)
	at org.helper.Helper.getDateAndTime(Helper.java:70)
	at org.helper.Helper.getDateAndTime(Helper.java:70)
	at org.helper.Helper.getDateAndTime(Helper.java:70)
	at org.helper.Helper.getDateAndTime(Helper.java:70)
	at org.helper.Helper.getDateAndTime(Helper.java:70)
	at org.helper.Helper.getDateAndTime(Helper.java:70)
	at org.helper.Helper.getDateAndTime(Helper.java:70)
	at org.helper.Helper.getDateAndTime(Helper.java:70)
	at org.helper.Helper.getDateAndTime(Helper.java:70)
	at org.helper.Helper.getDateAndTime(Helper.java:70)
	at org.helper.Helper.getDateAndTime(Helper.java:70)
	at org.helper.Helper.getDateAndTime(Helper.java:70)
	at org.helper.Helper.getDateAndTime(Helper.java:70)
	at org.helper.Helper.getDateAndTime(Helper.java:70)
	at org.helper.Helper.getDateAndTime(Helper.java:70)
	at org.helper.Helper.getDateAndTime(Helper.java:70)
	at org.helper.Helper.getDateAndTime(Helper.java:70)
	at org.helper.Helper.getDateAndTime(Helper.java:70)
	at org.helper.Helper.getDateAndTime(Helper.java:70)
	at org.helper.Helper.getDateAndTime(Helper.java:70)
	at org.helper.Helper.getDateAndTime(Helper.java:70)
	at org.helper.Helper.getDateAndTime(Helper.java:70)
	at org.helper.Helper.getDateAndTime(Helper.java:70)
	at org.helper.Helper.getDateAndTime(Helper.java:70)
	at org.helper.Helper.getDateAndTime(Helper.java:70)
	at org.helper.Helper.getDateAndTime(Helper.java:70)
	at org.helper.Helper.getDateAndTime(Helper.java:70)
	at org.helper.Helper.getDateAndTime(Helper.java:70)
	at org.helper.Helper.getDateAndTime(Helper.java:70)
	at org.helper.Helper.getDateAndTime(Helper.java:70)
	at org.helper.Helper.getDateAndTime(Helper.java:70)
	at org.helper.Helper.getDateAndTime(Helper.java:70)
	at org.helper.Helper.getDateAndTime(Helper.java:70)
	at org.helper.Helper.getDateAndTime(Helper.java:70)
	at org.helper.Helper.getDateAndTime(Helper.java:70)
	at org.helper.Helper.getDateAndTime(Helper.java:70)
	at org.helper.Helper.getDateAndTime(Helper.java:70)
	at org.helper.Helper.getDateAndTime(Helper.java:70)
	at org.helper.Helper.getDateAndTime(Helper.java:70)
	at org.helper.Helper.getDateAndTime(Helper.java:70)
	at org.helper.Helper.getDateAndTime(Helper.java:70)
	at org.helper.Helper.getDateAndTime(Helper.java:70)
	at org.helper.Helper.getDateAndTime(Helper.java:70)
	at org.helper.Helper.getDateAndTime(Helper.java:70)
	at org.helper.Helper.getDateAndTime(Helper.java:70)
	at org.helper.Helper.getDateAndTime(Helper.java:70)
	at org.helper.Helper.getDateAndTime(Helper.java:70)
	at org.helper.Helper.getDateAndTime(Helper.java:70)
	at org.helper.Helper.getDateAndTime(Helper.java:70)
	at org.helper.Helper.getDateAndTime(Helper.java:70)
	at org.helper.Helper.getDateAndTime(Helper.java:70)
	at org.helper.Helper.getDateAndTime(Helper.java:70)
	at org.helper.Helper.getDateAndTime(Helper.java:70)
	at org.helper.Helper.getDateAndTime(Helper.java:70)
	at org.helper.Helper.getDateAndTime(Helper.java:70)
	at org.helper.Helper.getDateAndTime(Helper.java:70)
	at org.helper.Helper.getDateAndTime(Helper.java:70)
	at org.helper.Helper.getDateAndTime(Helper.java:70)
	at org.helper.Helper.getDateAndTime(Helper.java:70)
	at org.helper.Helper.getDateAndTime(Helper.java:70)
	at org.helper.Helper.getDateAndTime(Helper.java:70)
	at org.helper.Helper.getDateAndTime(Helper.java:70)
	at org.helper.Helper.getDateAndTime(Helper.java:70)
	at org.helper.Helper.getDateAndTime(Helper.java:70)
	at org.helper.Helper.getDateAndTime(Helper.java:70)
	at org.helper.Helper.getDateAndTime(Helper.java:70)
	at org.helper.Helper.getDateAndTime(Helper.java:70)
	at org.helper.Helper.getDateAndTime(Helper.java:70)
	at org.helper.Helper.getDateAndTime(Helper.java:70)
	at org.helper.Helper.getDateAndTime(Helper.java:70)
	at org.helper.Helper.getDateAndTime(Helper.java:70)
	at org.helper.Helper.getDateAndTime(Helper.java:70)
	at org.helper.Helper.getDateAndTime(Helper.java:70)
	at org.helper.Helper.getDateAndTime(Helper.java:70)
	at org.helper.Helper.getDateAndTime(Helper.java:70)
	at org.helper.Helper.getDateAndTime(Helper.java:70)
	at org.helper.Helper.getDateAndTime(Helper.java:70)
	at org.helper.Helper.getDateAndTime(Helper.java:70)
	at org.helper.Helper.getDateAndTime(Helper.java:70)
	at org.helper.Helper.getDateAndTime(Helper.java:70)
	at org.helper.Helper.getDateAndTime(Helper.java:70)
	at org.helper.Helper.getDateAndTime(Helper.java:70)
	at org.helper.Helper.getDateAndTime(Helper.java:70)
	at org.helper.Helper.getDateAndTime(Helper.java:70)
	at org.helper.Helper.getDateAndTime(Helper.java:70)
	at org.helper.Helper.getDateAndTime(Helper.java:70)
	at org.helper.Helper.getDateAndTime(Helper.java:70)
	at org.helper.Helper.getDateAndTime(Helper.java:70)
	at org.helper.Helper.getDateAndTime(Helper.java:70)
	at org.helper.Helper.getDateAndTime(Helper.java:70)
	at org.helper.Helper.getDateAndTime(Helper.java:70)
	at org.helper.Helper.getDateAndTime(Helper.java:70)
	at org.helper.Helper.getDateAndTime(Helper.java:70)
	at org.helper.Helper.getDateAndTime(Helper.java:70)
	at org.helper.Helper.getDateAndTime(Helper.java:70)
	at org.helper.Helper.getDateAndTime(Helper.java:70)
	at org.helper.Helper.getDateAndTime(Helper.java:70)
	at org.helper.Helper.getDateAndTime(Helper.java:70)
	at org.helper.Helper.getDateAndTime(Helper.java:70)
	at org.helper.Helper.getDateAndTime(Helper.java:70)
	at org.helper.Helper.getDateAndTime(Helper.java:70)
	at org.helper.Helper.getDateAndTime(Helper.java:70)
	at org.helper.Helper.getDateAndTime(Helper.java:70)
	at org.helper.Helper.getDateAndTime(Helper.java:70)
	at org.helper.Helper.getDateAndTime(Helper.java:70)
	at org.helper.Helper.getDateAndTime(Helper.java:70)
	at org.helper.Helper.getDateAndTime(Helper.java:70)
	at org.helper.Helper.getDateAndTime(Helper.java:70)
	at org.helper.Helper.getDateAndTime(Helper.java:70)
	at org.helper.Helper.getDateAndTime(Helper.java:70)
	at org.helper.Helper.getDateAndTime(Helper.java:70)
	at org.helper.Helper.getDateAndTime(Helper.java:70)
	at org.helper.Helper.getDateAndTime(Helper.java:70)
	at org.helper.Helper.getDateAndTime(Helper.java:70)
	at org.helper.Helper.getDateAndTime(Helper.java:70)
	at org.helper.Helper.getDateAndTime(Helper.java:70)
	at org.helper.Helper.getDateAndTime(Helper.java:70)
	at org.helper.Helper.getDateAndTime(Helper.java:70)
	at org.helper.Helper.getDateAndTime(Helper.java:70)
	at org.helper.Helper.getDateAndTime(Helper.java:70)
	at org.helper.Helper.getDateAndTime(Helper.java:70)
	at org.helper.Helper.getDateAndTime(Helper.java:70)
	at org.helper.Helper.getDateAndTime(Helper.java:70)
	at org.helper.Helper.getDateAndTime(Helper.java:70)
	at org.helper.Helper.getDateAndTime(Helper.java:70)
	at org.helper.Helper.getDateAndTime(Helper.java:70)
	at org.helper.Helper.getDateAndTime(Helper.java:70)
	at org.helper.Helper.getDateAndTime(Helper.java:70)
	at org.helper.Helper.getDateAndTime(Helper.java:70)
	at org.helper.Helper.getDateAndTime(Helper.java:70)
	at org.helper.Helper.getDateAndTime(Helper.java:70)
	at org.helper.Helper.getDateAndTime(Helper.java:70)
	at org.helper.Helper.getDateAndTime(Helper.java:70)
	at org.helper.Helper.getDateAndTime(Helper.java:70)
	at org.helper.Helper.getDateAndTime(Helper.java:70)
	at org.helper.Helper.getDateAndTime(Helper.java:70)
	at org.helper.Helper.getDateAndTime(Helper.java:70)
	at org.helper.Helper.getDateAndTime(Helper.java:70)
	at org.helper.Helper.getDateAndTime(Helper.java:70)
	at org.helper.Helper.getDateAndTime(Helper.java:70)
	at org.helper.Helper.getDateAndTime(Helper.java:70)
	at org.helper.Helper.getDateAndTime(Helper.java:70)
	at org.helper.Helper.getDateAndTime(Helper.java:70)
	at org.helper.Helper.getDateAndTime(Helper.java:70)
	at org.helper.Helper.getDateAndTime(Helper.java:70)
	at org.helper.Helper.getDateAndTime(Helper.java:70)
	at org.helper.Helper.getDateAndTime(Helper.java:70)
	at org.helper.Helper.getDateAndTime(Helper.java:70)
	at org.helper.Helper.getDateAndTime(Helper.java:70)
	at org.helper.Helper.getDateAndTime(Helper.java:70)
	at org.helper.Helper.getDateAndTime(Helper.java:70)
	at org.helper.Helper.getDateAndTime(Helper.java:70)
	at org.helper.Helper.getDateAndTime(Helper.java:70)
	at org.helper.Helper.getDateAndTime(Helper.java:70)
	at org.helper.Helper.getDateAndTime(Helper.java:70)
	at org.helper.Helper.getDateAndTime(Helper.java:70)
	at org.helper.Helper.getDateAndTime(Helper.java:70)
	at org.helper.Helper.getDateAndTime(Helper.java:70)
	at org.helper.Helper.getDateAndTime(Helper.java:70)
	at org.helper.Helper.getDateAndTime(Helper.java:70)
	at org.helper.Helper.getDateAndTime(Helper.java:70)
	at org.helper.Helper.getDateAndTime(Helper.java:70)
	at org.helper.Helper.getDateAndTime(Helper.java:70)
	at org.helper.Helper.getDateAndTime(Helper.java:70)
	at org.helper.Helper.getDateAndTime(Helper.java:70)
	at org.helper.Helper.getDateAndTime(Helper.java:70)
	at org.helper.Helper.getDateAndTime(Helper.java:70)
	at org.helper.Helper.getDateAndTime(Helper.java:70)
	at org.helper.Helper.getDateAndTime(Helper.java:70)
	at org.helper.Helper.getDateAndTime(Helper.java:70)
	at org.helper.Helper.getDateAndTime(Helper.java:70)
	at org.helper.Helper.getDateAndTime(Helper.java:70)
	at org.helper.Helper.getDateAndTime(Helper.java:70)
	at org.helper.Helper.getDateAndTime(Helper.java:70)
	at org.helper.Helper.getDateAndTime(Helper.java:70)
	at org.helper.Helper.getDateAndTime(Helper.java:70)
	at org.helper.Helper.getDateAndTime(Helper.java:70)
	at org.helper.Helper.getDateAndTime(Helper.java:70)
	at org.helper.Helper.getDateAndTime(Helper.java:70)
	at org.helper.Helper.getDateAndTime(Helper.java:70)
	at org.helper.Helper.getDateAndTime(Helper.java:70)
	at org.helper.Helper.getDateAndTime(Helper.java:70)
	at org.helper.Helper.getDateAndTime(Helper.java:70)
	at org.helper.Helper.getDateAndTime(Helper.java:70)
	at org.helper.Helper.getDateAndTime(Helper.java:70)
	at org.helper.Helper.getDateAndTime(Helper.java:70)
	at org.helper.Helper.getDateAndTime(Helper.java:70)
	at org.helper.Helper.getDateAndTime(Helper.java:70)
	at org.helper.Helper.getDateAndTime(Helper.java:70)
	at org.helper.Helper.getDateAndTime(Helper.java:70)
	at org.helper.Helper.getDateAndTime(Helper.java:70)
	at org.helper.Helper.getDateAndTime(Helper.java:70)
	at org.helper.Helper.getDateAndTime(Helper.java:70)
	at org.helper.Helper.getDateAndTime(Helper.java:70)
	at org.helper.Helper.getDateAndTime(Helper.java:70)
	at org.helper.Helper.getDateAndTime(Helper.java:70)
	at org.helper.Helper.getDateAndTime(Helper.java:70)
	at org.helper.Helper.getDateAndTime(Helper.java:70)
	at org.helper.Helper.getDateAndTime(Helper.java:70)
	at org.helper.Helper.getDateAndTime(Helper.java:70)
	at org.helper.Helper.getDateAndTime(Helper.java:70)
	at org.helper.Helper.getDateAndTime(Helper.java:70)
	at org.helper.Helper.getDateAndTime(Helper.java:70)
	at org.helper.Helper.getDateAndTime(Helper.java:70)
	at org.helper.Helper.getDateAndTime(Helper.java:70)
	at org.helper.Helper.getDateAndTime(Helper.java:70)
	at org.helper.Helper.getDateAndTime(Helper.java:70)
	at org.helper.Helper.getDateAndTime(Helper.java:70)
	at org.helper.Helper.getDateAndTime(Helper.java:70)
	at org.helper.Helper.getDateAndTime(Helper.java:70)
	at org.helper.Helper.getDateAndTime(Helper.java:70)
	at org.helper.Helper.getDateAndTime(Helper.java:70)
	at org.helper.Helper.getDateAndTime(Helper.java:70)
	at org.helper.Helper.getDateAndTime(Helper.java:70)
	at org.helper.Helper.getDateAndTime(Helper.java:70)
	at org.helper.Helper.getDateAndTime(Helper.java:70)
	at org.helper.Helper.getDateAndTime(Helper.java:70)
	at org.helper.Helper.getDateAndTime(Helper.java:70)
	at org.helper.Helper.getDateAndTime(Helper.java:70)
	at org.helper.Helper.getDateAndTime(Helper.java:70)
	at org.helper.Helper.getDateAndTime(Helper.java:70)
	at org.helper.Helper.getDateAndTime(Helper.java:70)
	at org.helper.Helper.getDateAndTime(Helper.java:70)
	at org.helper.Helper.getDateAndTime(Helper.java:70)
	at org.helper.Helper.getDateAndTime(Helper.java:70)
	at org.helper.Helper.getDateAndTime(Helper.java:70)
	at org.helper.Helper.getDateAndTime(Helper.java:70)
	at org.helper.Helper.getDateAndTime(Helper.java:70)
	at org.helper.Helper.getDateAndTime(Helper.java:70)
	at org.helper.Helper.getDateAndTime(Helper.java:70)
	at org.helper.Helper.getDateAndTime(Helper.java:70)
	at org.helper.Helper.getDateAndTime(Helper.java:70)
	at org.helper.Helper.getDateAndTime(Helper.java:70)
	at org.helper.Helper.getDateAndTime(Helper.java:70)
	at org.helper.Helper.getDateAndTime(Helper.java:70)
	at org.helper.Helper.getDateAndTime(Helper.java:70)
	at org.helper.Helper.getDateAndTime(Helper.java:70)
	at org.helper.Helper.getDateAndTime(Helper.java:70)
	at org.helper.Helper.getDateAndTime(Helper.java:70)
	at org.helper.Helper.getDateAndTime(Helper.java:70)
	at org.helper.Helper.getDateAndTime(Helper.java:70)
	at org.helper.Helper.getDateAndTime(Helper.java:70)
	at org.helper.Helper.getDateAndTime(Helper.java:70)
	at org.helper.Helper.getDateAndTime(Helper.java:70)
	at org.helper.Helper.getDateAndTime(Helper.java:70)
	at org.helper.Helper.getDateAndTime(Helper.java:70)
	at org.helper.Helper.getDateAndTime(Helper.java:70)
	at org.helper.Helper.getDateAndTime(Helper.java:70)
	at org.helper.Helper.getDateAndTime(Helper.java:70)
	at org.helper.Helper.getDateAndTime(Helper.java:70)
	at org.helper.Helper.getDateAndTime(Helper.java:70)
	at org.helper.Helper.getDateAndTime(Helper.java:70)
	at org.helper.Helper.getDateAndTime(Helper.java:70)
	at org.helper.Helper.getDateAndTime(Helper.java:70)
	at org.helper.Helper.getDateAndTime(Helper.java:70)
	at org.helper.Helper.getDateAndTime(Helper.java:70)
	at org.helper.Helper.getDateAndTime(Helper.java:70)
	at org.helper.Helper.getDateAndTime(Helper.java:70)
	at org.helper.Helper.getDateAndTime(Helper.java:70)
	at org.helper.Helper.getDateAndTime(Helper.java:70)
	at org.helper.Helper.getDateAndTime(Helper.java:70)
	at org.helper.Helper.getDateAndTime(Helper.java:70)
	at org.helper.Helper.getDateAndTime(Helper.java:70)
	at org.helper.Helper.getDateAndTime(Helper.java:70)
	at org.helper.Helper.getDateAndTime(Helper.java:70)
	at org.helper.Helper.getDateAndTime(Helper.java:70)
	at org.helper.Helper.getDateAndTime(Helper.java:70)
	at org.helper.Helper.getDateAndTime(Helper.java:70)
	at org.helper.Helper.getDateAndTime(Helper.java:70)
	at org.helper.Helper.getDateAndTime(Helper.java:70)
	at org.helper.Helper.getDateAndTime(Helper.java:70)
	at org.helper.Helper.getDateAndTime(Helper.java:70)
	at org.helper.Helper.getDateAndTime(Helper.java:70)
	at org.helper.Helper.getDateAndTime(Helper.java:70)
	at org.helper.Helper.getDateAndTime(Helper.java:70)
	at org.helper.Helper.getDateAndTime(Helper.java:70)
	at org.helper.Helper.getDateAndTime(Helper.java:70)
	at org.helper.Helper.getDateAndTime(Helper.java:70)
	at org.helper.Helper.getDateAndTime(Helper.java:70)
	at org.helper.Helper.getDateAndTime(Helper.java:70)
	at org.helper.Helper.getDateAndTime(Helper.java:70)
	at org.helper.Helper.getDateAndTime(Helper.java:70)
	at org.helper.Helper.getDateAndTime(Helper.java:70)
	at org.helper.Helper.getDateAndTime(Helper.java:70)
	at org.helper.Helper.getDateAndTime(Helper.java:70)
	at org.helper.Helper.getDateAndTime(Helper.java:70)
	at org.helper.Helper.getDateAndTime(Helper.java:70)
	at org.helper.Helper.getDateAndTime(Helper.java:70)
	at org.helper.Helper.getDateAndTime(Helper.java:70)
	at org.helper.Helper.getDateAndTime(Helper.java:70)
	at org.helper.Helper.getDateAndTime(Helper.java:70)
	at org.helper.Helper.getDateAndTime(Helper.java:70)
	at org.helper.Helper.getDateAndTime(Helper.java:70)
	at org.helper.Helper.getDateAndTime(Helper.java:70)
	at org.helper.Helper.getDateAndTime(Helper.java:70)
	at org.helper.Helper.getDateAndTime(Helper.java:70)
	at org.helper.Helper.getDateAndTime(Helper.java:70)
	at org.helper.Helper.getDateAndTime(Helper.java:70)
	at org.helper.Helper.getDateAndTime(Helper.java:70)
	at org.helper.Helper.getDateAndTime(Helper.java:70)
	at org.helper.Helper.getDateAndTime(Helper.java:70)
	at org.helper.Helper.getDateAndTime(Helper.java:70)
	at org.helper.Helper.getDateAndTime(Helper.java:70)
	at org.helper.Helper.getDateAndTime(Helper.java:70)
	at org.helper.Helper.getDateAndTime(Helper.java:70)
	at org.helper.Helper.getDateAndTime(Helper.java:70)
	at org.helper.Helper.getDateAndTime(Helper.java:70)
	at org.helper.Helper.getDateAndTime(Helper.java:70)
	at org.helper.Helper.getDateAndTime(Helper.java:70)
	at org.helper.Helper.getDateAndTime(Helper.java:70)
	at org.helper.Helper.getDateAndTime(Helper.java:70)
	at org.helper.Helper.getDateAndTime(Helper.java:70)
	at org.helper.Helper.getDateAndTime(Helper.java:70)
	at org.helper.Helper.getDateAndTime(Helper.java:70)
	at org.helper.Helper.getDateAndTime(Helper.java:70)
	at org.helper.Helper.getDateAndTime(Helper.java:70)
	at org.helper.Helper.getDateAndTime(Helper.java:70)
	at org.helper.Helper.getDateAndTime(Helper.java:70)
	at org.helper.Helper.getDateAndTime(Helper.java:70)
	at org.helper.Helper.getDateAndTime(Helper.java:70)
	at org.helper.Helper.getDateAndTime(Helper.java:70)
	at org.helper.Helper.getDateAndTime(Helper.java:70)
	at org.helper.Helper.getDateAndTime(Helper.java:70)
	at org.helper.Helper.getDateAndTime(Helper.java:70)
	at org.helper.Helper.getDateAndTime(Helper.java:70)
	at org.helper.Helper.getDateAndTime(Helper.java:70)
	at org.helper.Helper.getDateAndTime(Helper.java:70)
	at org.helper.Helper.getDateAndTime(Helper.java:70)
	at org.helper.Helper.getDateAndTime(Helper.java:70)
	at org.helper.Helper.getDateAndTime(Helper.java:70)
	at org.helper.Helper.getDateAndTime(Helper.java:70)
	at org.helper.Helper.getDateAndTime(Helper.java:70)
	at org.helper.Helper.getDateAndTime(Helper.java:70)
	at org.helper.Helper.getDateAndTime(Helper.java:70)
	at org.helper.Helper.getDateAndTime(Helper.java:70)
	at org.helper.Helper.getDateAndTime(Helper.java:70)
	at org.helper.Helper.getDateAndTime(Helper.java:70)
	at org.helper.Helper.getDateAndTime(Helper.java:70)
	at org.helper.Helper.getDateAndTime(Helper.java:70)
	at org.helper.Helper.getDateAndTime(Helper.java:70)
	at org.helper.Helper.getDateAndTime(Helper.java:70)
	at org.helper.Helper.getDateAndTime(Helper.java:70)
	at org.helper.Helper.getDateAndTime(Helper.java:70)
	at org.helper.Helper.getDateAndTime(Helper.java:70)
	at org.helper.Helper.getDateAndTime(Helper.java:70)
	at org.helper.Helper.getDateAndTime(Helper.java:70)
	at org.helper.Helper.getDateAndTime(Helper.java:70)
	at org.helper.Helper.getDateAndTime(Helper.java:70)
	at org.helper.Helper.getDateAndTime(Helper.java:70)
	at org.helper.Helper.getDateAndTime(Helper.java:70)
	at org.helper.Helper.getDateAndTime(Helper.java:70)
	at org.helper.Helper.getDateAndTime(Helper.java:70)
	at org.helper.Helper.getDateAndTime(Helper.java:70)
	at org.helper.Helper.getDateAndTime(Helper.java:70)
	at org.helper.Helper.getDateAndTime(Helper.java:70)
	at org.helper.Helper.getDateAndTime(Helper.java:70)
	at org.helper.Helper.getDateAndTime(Helper.java:70)
	at org.helper.Helper.getDateAndTime(Helper.java:70)
	at org.helper.Helper.getDateAndTime(Helper.java:70)
	at org.helper.Helper.getDateAndTime(Helper.java:70)
	at org.helper.Helper.getDateAndTime(Helper.java:70)
	at org.helper.Helper.getDateAndTime(Helper.java:70)
	at org.helper.Helper.getDateAndTime(Helper.java:70)
	at org.helper.Helper.getDateAndTime(Helper.java:70)
	at org.helper.Helper.getDateAndTime(Helper.java:70)
	at org.helper.Helper.getDateAndTime(Helper.java:70)
	at org.helper.Helper.getDateAndTime(Helper.java:70)
	at org.helper.Helper.getDateAndTime(Helper.java:70)
	at org.helper.Helper.getDateAndTime(Helper.java:70)
	at org.helper.Helper.getDateAndTime(Helper.java:70)
	at org.helper.Helper.getDateAndTime(Helper.java:70)
	at org.helper.Helper.getDateAndTime(Helper.java:70)
	at org.helper.Helper.getDateAndTime(Helper.java:70)
	at org.helper.Helper.getDateAndTime(Helper.java:70)
	at org.helper.Helper.getDateAndTime(Helper.java:70)
	at org.helper.Helper.getDateAndTime(Helper.java:70)
	at org.helper.Helper.getDateAndTime(Helper.java:70)
	at org.helper.Helper.getDateAndTime(Helper.java:70)
	at org.helper.Helper.getDateAndTime(Helper.java:70)
	at org.helper.Helper.getDateAndTime(Helper.java:70)
	at org.helper.Helper.getDateAndTime(Helper.java:70)
	at org.helper.Helper.getDateAndTime(Helper.java:70)
	at org.helper.Helper.getDateAndTime(Helper.java:70)
	at org.helper.Helper.getDateAndTime(Helper.java:70)
	at org.helper.Helper.getDateAndTime(Helper.java:70)
	at org.helper.Helper.getDateAndTime(Helper.java:70)
	at org.helper.Helper.getDateAndTime(Helper.java:70)
	at org.helper.Helper.getDateAndTime(Helper.java:70)
	at org.helper.Helper.getDateAndTime(Helper.java:70)
	at org.helper.Helper.getDateAndTime(Helper.java:70)
	at org.helper.Helper.getDateAndTime(Helper.java:70)
	at org.helper.Helper.getDateAndTime(Helper.java:70)
	at org.helper.Helper.getDateAndTime(Helper.java:70)
	at org.helper.Helper.getDateAndTime(Helper.java:70)
	at org.helper.Helper.getDateAndTime(Helper.java:70)
	at org.helper.Helper.getDateAndTime(Helper.java:70)
	at org.helper.Helper.getDateAndTime(Helper.java:70)
	at org.helper.Helper.getDateAndTime(Helper.java:70)
	at org.helper.Helper.getDateAndTime(Helper.java:70)
	at org.helper.Helper.getDateAndTime(Helper.java:70)
	at org.helper.Helper.getDateAndTime(Helper.java:70)
	at org.helper.Helper.getDateAndTime(Helper.java:70)
	at org.helper.Helper.getDateAndTime(Helper.java:70)
	at org.helper.Helper.getDateAndTime(Helper.java:70)
	at org.helper.Helper.getDateAndTime(Helper.java:70)
	at org.helper.Helper.getDateAndTime(Helper.java:70)
	at org.helper.Helper.getDateAndTime(Helper.java:70)
	at org.helper.Helper.getDateAndTime(Helper.java:70)
	at org.helper.Helper.getDateAndTime(Helper.java:70)
	at org.helper.Helper.getDateAndTime(Helper.java:70)
	at org.helper.Helper.getDateAndTime(Helper.java:70)
	at org.helper.Helper.getDateAndTime(Helper.java:70)
	at org.helper.Helper.getDateAndTime(Helper.java:70)
	at org.helper.Helper.getDateAndTime(Helper.java:70)
	at org.helper.Helper.getDateAndTime(Helper.java:70)
	at org.helper.Helper.getDateAndTime(Helper.java:70)
	at org.helper.Helper.getDateAndTime(Helper.java:70)
	at org.helper.Helper.getDateAndTime(Helper.java:70)
	at org.helper.Helper.getDateAndTime(Helper.java:70)
	at org.helper.Helper.getDateAndTime(Helper.java:70)
	at org.helper.Helper.getDateAndTime(Helper.java:70)
	at org.helper.Helper.getDateAndTime(Helper.java:70)
	at org.helper.Helper.getDateAndTime(Helper.java:70)
	at org.helper.Helper.getDateAndTime(Helper.java:70)
	at org.helper.Helper.getDateAndTime(Helper.java:70)
	at org.helper.Helper.getDateAndTime(Helper.java:70)
	at org.helper.Helper.getDateAndTime(Helper.java:70)
	at org.helper.Helper.getDateAndTime(Helper.java:70)
	at org.helper.Helper.getDateAndTime(Helper.java:70)
	at org.helper.Helper.getDateAndTime(Helper.java:70)
	at org.helper.Helper.getDateAndTime(Helper.java:70)
	at org.helper.Helper.getDateAndTime(Helper.java:70)
	at org.helper.Helper.getDateAndTime(Helper.java:70)
	at org.helper.Helper.getDateAndTime(Helper.java:70)
	at org.helper.Helper.getDateAndTime(Helper.java:70)
	at org.helper.Helper.getDateAndTime(Helper.java:70)
	at org.helper.Helper.getDateAndTime(Helper.java:70)
	at org.helper.Helper.getDateAndTime(Helper.java:70)
	at org.helper.Helper.getDateAndTime(Helper.java:70)
	at org.helper.Helper.getDateAndTime(Helper.java:70)
	at org.helper.Helper.getDateAndTime(Helper.java:70)
	at org.helper.Helper.getDateAndTime(Helper.java:70)
	at org.helper.Helper.getDateAndTime(Helper.java:70)
	at org.helper.Helper.getDateAndTime(Helper.java:70)
	at org.helper.Helper.getDateAndTime(Helper.java:70)
	at org.helper.Helper.getDateAndTime(Helper.java:70)
	at org.helper.Helper.getDateAndTime(Helper.java:70)
	at org.helper.Helper.getDateAndTime(Helper.java:70)
	at org.helper.Helper.getDateAndTime(Helper.java:70)
	at org.helper.Helper.getDateAndTime(Helper.java:70)
	at org.helper.Helper.getDateAndTime(Helper.java:70)
	at org.helper.Helper.getDateAndTime(Helper.java:70)
	at org.helper.Helper.getDateAndTime(Helper.java:70)
	at org.helper.Helper.getDateAndTime(Helper.java:70)
	at org.helper.Helper.getDateAndTime(Helper.java:70)
	at org.helper.Helper.getDateAndTime(Helper.java:70)
	at org.helper.Helper.getDateAndTime(Helper.java:70)
	at org.helper.Helper.getDateAndTime(Helper.java:70)
	at org.helper.Helper.getDateAndTime(Helper.java:70)
	at org.helper.Helper.getDateAndTime(Helper.java:70)
	at org.helper.Helper.getDateAndTime(Helper.java:70)
	at org.helper.Helper.getDateAndTime(Helper.java:70)
	at org.helper.Helper.getDateAndTime(Helper.java:70)
	at org.helper.Helper.getDateAndTime(Helper.java:70)
	at org.helper.Helper.getDateAndTime(Helper.java:70)
	at org.helper.Helper.getDateAndTime(Helper.java:70)
	at org.helper.Helper.getDateAndTime(Helper.java:70)
	at org.helper.Helper.getDateAndTime(Helper.java:70)
	at org.helper.Helper.getDateAndTime(Helper.java:70)
	at org.helper.Helper.getDateAndTime(Helper.java:70)
	at org.helper.Helper.getDateAndTime(Helper.java:70)
	at org.helper.Helper.getDateAndTime(Helper.java:70)
	at org.helper.Helper.getDateAndTime(Helper.java:70)
	at org.helper.Helper.getDateAndTime(Helper.java:70)
	at org.helper.Helper.getDateAndTime(Helper.java:70)
	at org.helper.Helper.getDateAndTime(Helper.java:70)
	at org.helper.Helper.getDateAndTime(Helper.java:70)
	at org.helper.Helper.getDateAndTime(Helper.java:70)
	at org.helper.Helper.getDateAndTime(Helper.java:70)
	at org.helper.Helper.getDateAndTime(Helper.java:70)
	at org.helper.Helper.getDateAndTime(Helper.java:70)
	at org.helper.Helper.getDateAndTime(Helper.java:70)
	at org.helper.Helper.getDateAndTime(Helper.java:70)
	at org.helper.Helper.getDateAndTime(Helper.java:70)
	at org.helper.Helper.getDateAndTime(Helper.java:70)
	at org.helper.Helper.getDateAndTime(Helper.java:70)
	at org.helper.Helper.getDateAndTime(Helper.java:70)
	at org.helper.Helper.getDateAndTime(Helper.java:70)
	at org.helper.Helper.getDateAndTime(Helper.java:70)
	at org.helper.Helper.getDateAndTime(Helper.java:70)
	at org.helper.Helper.getDateAndTime(Helper.java:70)
	at org.helper.Helper.getDateAndTime(Helper.java:70)
	at org.helper.Helper.getDateAndTime(Helper.java:70)
	at org.helper.Helper.getDateAndTime(Helper.java:70)
	at org.helper.Helper.getDateAndTime(Helper.java:70)
	at org.helper.Helper.getDateAndTime(Helper.java:70)
	at org.helper.Helper.getDateAndTime(Helper.java:70)
	at org.helper.Helper.getDateAndTime(Helper.java:70)
	at org.helper.Helper.getDateAndTime(Helper.java:70)
	at org.helper.Helper.getDateAndTime(Helper.java:70)
	at org.helper.Helper.getDateAndTime(Helper.java:70)
	at org.helper.Helper.getDateAndTime(Helper.java:70)
	at org.helper.Helper.getDateAndTime(Helper.java:70)
	at org.helper.Helper.getDateAndTime(Helper.java:70)
	at org.helper.Helper.getDateAndTime(Helper.java:70)
	at org.helper.Helper.getDateAndTime(Helper.java:70)
	at org.helper.Helper.getDateAndTime(Helper.java:70)
	at org.helper.Helper.getDateAndTime(Helper.java:70)
	at org.helper.Helper.getDateAndTime(Helper.java:70)
	at org.helper.Helper.getDateAndTime(Helper.java:70)
	at org.helper.Helper.getDateAndTime(Helper.java:70)
	at org.helper.Helper.getDateAndTime(Helper.java:70)
	at org.helper.Helper.getDateAndTime(Helper.java:70)
	at org.helper.Helper.getDateAndTime(Helper.java:70)
	at org.helper.Helper.getDateAndTime(Helper.java:70)
	at org.helper.Helper.getDateAndTime(Helper.java:70)
	at org.helper.Helper.getDateAndTime(Helper.java:70)
	at org.helper.Helper.getDateAndTime(Helper.java:70)
	at org.helper.Helper.getDateAndTime(Helper.java:70)
	at org.helper.Helper.getDateAndTime(Helper.java:70)
	at org.helper.Helper.getDateAndTime(Helper.java:70)
	at org.helper.Helper.getDateAndTime(Helper.java:70)
	at org.helper.Helper.getDateAndTime(Helper.java:70)
	at org.helper.Helper.getDateAndTime(Helper.java:70)
	at org.helper.Helper.getDateAndTime(Helper.java:70)
	at org.helper.Helper.getDateAndTime(Helper.java:70)
	at org.helper.Helper.getDateAndTime(Helper.java:70)
	at org.helper.Helper.getDateAndTime(Helper.java:70)
	at org.helper.Helper.getDateAndTime(Helper.java:70)
	at org.helper.Helper.getDateAndTime(Helper.java:70)
	at org.helper.Helper.getDateAndTime(Helper.java:70)
	at org.helper.Helper.getDateAndTime(Helper.java:70)
	at org.helper.Helper.getDateAndTime(Helper.java:70)
	at org.helper.Helper.getDateAndTime(Helper.java:70)
	at org.helper.Helper.getDateAndTime(Helper.java:70)
	at org.helper.Helper.getDateAndTime(Helper.java:70)
	at org.helper.Helper.getDateAndTime(Helper.java:70)
	at org.helper.Helper.getDateAndTime(Helper.java:70)
	at org.helper.Helper.getDateAndTime(Helper.java:70)
	at org.helper.Helper.getDateAndTime(Helper.java:70)
	at org.helper.Helper.getDateAndTime(Helper.java:70)
	at org.helper.Helper.getDateAndTime(Helper.java:70)
	at org.helper.Helper.getDateAndTime(Helper.java:70)
	at org.helper.Helper.getDateAndTime(Helper.java:70)
	at org.helper.Helper.getDateAndTime(Helper.java:70)
	at org.helper.Helper.getDateAndTime(Helper.java:70)
	at org.helper.Helper.getDateAndTime(Helper.java:70)
	at org.helper.Helper.getDateAndTime(Helper.java:70)
	at org.helper.Helper.getDateAndTime(Helper.java:70)
	at org.helper.Helper.getDateAndTime(Helper.java:70)
	at org.helper.Helper.getDateAndTime(Helper.java:70)
	at org.helper.Helper.getDateAndTime(Helper.java:70)
	at org.helper.Helper.getDateAndTime(Helper.java:70)
	at org.helper.Helper.getDateAndTime(Helper.java:70)
	at org.helper.Helper.getDateAndTime(Helper.java:70)
	at org.helper.Helper.getDateAndTime(Helper.java:70)
	at org.helper.Helper.getDateAndTime(Helper.java:70)
	at org.helper.Helper.getDateAndTime(Helper.java:70)
	at org.helper.Helper.getDateAndTime(Helper.java:70)
	at org.helper.Helper.getDateAndTime(Helper.java:70)
	at org.helper.Helper.getDateAndTime(Helper.java:70)
	at org.helper.Helper.getDateAndTime(Helper.java:70)
	at org.helper.Helper.getDateAndTime(Helper.java:70)
	at org.helper.Helper.getDateAndTime(Helper.java:70)
	at org.helper.Helper.getDateAndTime(Helper.java:70)
	at org.helper.Helper.getDateAndTime(Helper.java:70)
	at org.helper.Helper.getDateAndTime(Helper.java:70)
	at org.helper.Helper.getDateAndTime(Helper.java:70)
	at org.helper.Helper.getDateAndTime(Helper.java:70)
	at org.helper.Helper.getDateAndTime(Helper.java:70)
	at org.helper.Helper.getDateAndTime(Helper.java:70)
	at org.helper.Helper.getDateAndTime(Helper.java:70)
	at org.helper.Helper.getDateAndTime(Helper.java:70)
	at org.helper.Helper.getDateAndTime(Helper.java:70)
	at org.helper.Helper.getDateAndTime(Helper.java:70)
	at org.helper.Helper.getDateAndTime(Helper.java:70)
	at org.helper.Helper.getDateAndTime(Helper.java:70)
	at org.helper.Helper.getDateAndTime(Helper.java:70)
	at org.helper.Helper.getDateAndTime(Helper.java:70)
	at org.helper.Helper.getDateAndTime(Helper.java:70)
	at org.helper.Helper.getDateAndTime(Helper.java:70)
	at org.helper.Helper.getDateAndTime(Helper.java:70)
	at org.helper.Helper.getDateAndTime(Helper.java:70)
	at org.helper.Helper.getDateAndTime(Helper.java:70)
	at org.helper.Helper.getDateAndTime(Helper.java:70)
	at org.helper.Helper.getDateAndTime(Helper.java:70)
	at org.helper.Helper.getDateAndTime(Helper.java:70)
	at org.helper.Helper.getDateAndTime(Helper.java:70)
	at org.helper.Helper.getDateAndTime(Helper.java:70)
	at org.helper.Helper.getDateAndTime(Helper.java:70)
	at org.helper.Helper.getDateAndTime(Helper.java:70)
	at org.helper.Helper.getDateAndTime(Helper.java:70)
	at org.helper.Helper.getDateAndTime(Helper.java:70)
	at org.helper.Helper.getDateAndTime(Helper.java:70)
	at org.helper.Helper.getDateAndTime(Helper.java:70)
	at org.helper.Helper.getDateAndTime(Helper.java:70)
	at org.helper.Helper.getDateAndTime(Helper.java:70)
	at org.helper.Helper.getDateAndTime(Helper.java:70)
	at org.helper.Helper.getDateAndTime(Helper.java:70)
	at org.helper.Helper.getDateAndTime(Helper.java:70)
	at org.helper.Helper.getDateAndTime(Helper.java:70)
	at org.helper.Helper.getDateAndTime(Helper.java:70)
	at org.helper.Helper.getDateAndTime(Helper.java:70)
	at org.helper.Helper.getDateAndTime(Helper.java:70)
	at org.helper.Helper.getDateAndTime(Helper.java:70)
	at org.helper.Helper.getDateAndTime(Helper.java:70)
	at org.helper.Helper.getDateAndTime(Helper.java:70)
	at org.helper.Helper.getDateAndTime(Helper.java:70)
	at org.helper.Helper.getDateAndTime(Helper.java:70)
	at org.helper.Helper.getDateAndTime(Helper.java:70)
	at org.helper.Helper.getDateAndTime(Helper.java:70)
	at org.helper.Helper.getDateAndTime(Helper.java:70)
	at org.helper.Helper.getDateAndTime(Helper.java:70)
	at org.helper.Helper.getDateAndTime(Helper.java:70)
	at org.helper.Helper.getDateAndTime(Helper.java:70)
	at org.helper.Helper.getDateAndTime(Helper.java:70)
	at org.helper.Helper.getDateAndTime(Helper.java:70)
	at org.helper.Helper.getDateAndTime(Helper.java:70)
	at org.helper.Helper.getDateAndTime(Helper.java:70)
	at org.helper.Helper.getDateAndTime(Helper.java:70)
	at org.helper.Helper.getDateAndTime(Helper.java:70)
	at org.helper.Helper.getDateAndTime(Helper.java:70)
	at org.helper.Helper.getDateAndTime(Helper.java:70)
	at org.helper.Helper.getDateAndTime(Helper.java:70)
	at org.helper.Helper.getDateAndTime(Helper.java:70)
	at org.helper.Helper.getDateAndTime(Helper.java:70)
	at org.helper.Helper.getDateAndTime(Helper.java:70)
	at org.helper.Helper.getDateAndTime(Helper.java:70)
	at org.helper.Helper.getDateAndTime(Helper.java:70)
	at org.helper.Helper.getDateAndTime(Helper.java:70)
	at org.helper.Helper.getDateAndTime(Helper.java:70)
	at org.helper.Helper.getDateAndTime(Helper.java:70)
	at org.helper.Helper.getDateAndTime(Helper.java:70)
	at org.helper.Helper.getDateAndTime(Helper.java:70)
	at org.helper.Helper.getDateAndTime(Helper.java:70)
	at org.helper.Helper.getDateAndTime(Helper.java:70)
	at org.helper.Helper.getDateAndTime(Helper.java:70)
	at org.helper.Helper.getDateAndTime(Helper.java:70)
	at org.helper.Helper.getDateAndTime(Helper.java:70)
	at org.helper.Helper.getDateAndTime(Helper.java:70)
	at org.helper.Helper.getDateAndTime(Helper.java:70)
	at org.helper.Helper.getDateAndTime(Helper.java:70)
	at org.helper.Helper.getDateAndTime(Helper.java:70)
	at org.helper.Helper.getDateAndTime(Helper.java:70)
	at org.helper.Helper.getDateAndTime(Helper.java:70)
	at org.helper.Helper.getDateAndTime(Helper.java:70)
	at org.helper.Helper.getDateAndTime(Helper.java:70)
	at org.helper.Helper.getDateAndTime(Helper.java:70)
	at org.helper.Helper.getDateAndTime(Helper.java:70)
	at org.helper.Helper.getDateAndTime(Helper.java:70)
	at org.helper.Helper.getDateAndTime(Helper.java:70)
	at org.helper.Helper.getDateAndTime(Helper.java:70)
	at org.helper.Helper.getDateAndTime(Helper.java:70)
	at org.helper.Helper.getDateAndTime(Helper.java:70)
	at org.helper.Helper.getDateAndTime(Helper.java:70)
	at org.helper.Helper.getDateAndTime(Helper.java:70)
	at org.helper.Helper.getDateAndTime(Helper.java:70)
	at org.helper.Helper.getDateAndTime(Helper.java:70)
	at org.helper.Helper.getDateAndTime(Helper.java:70)
	at org.helper.Helper.getDateAndTime(Helper.java:70)
	at org.helper.Helper.getDateAndTime(Helper.java:70)
	at org.helper.Helper.getDateAndTime(Helper.java:70)
	at org.helper.Helper.getDateAndTime(Helper.java:70)
	at org.helper.Helper.getDateAndTime(Helper.java:70)
	at org.helper.Helper.getDateAndTime(Helper.java:70)
	at org.helper.Helper.getDateAndTime(Helper.java:70)
	at org.helper.Helper.getDateAndTime(Helper.java:70)
	at org.helper.Helper.getDateAndTime(Helper.java:70)
	at org.helper.Helper.getDateAndTime(Helper.java:70)
	at org.helper.Helper.getDateAndTime(Helper.java:70)
	at org.helper.Helper.getDateAndTime(Helper.java:70)
	at org.helper.Helper.getDateAndTime(Helper.java:70)
	at org.helper.Helper.getDateAndTime(Helper.java:70)
	at org.helper.Helper.getDateAndTime(Helper.java:70)
	at org.helper.Helper.getDateAndTime(Helper.java:70)
	at org.helper.Helper.getDateAndTime(Helper.java:70)
	at org.helper.Helper.getDateAndTime(Helper.java:70)
	at org.helper.Helper.getDateAndTime(Helper.java:70)
	at org.helper.Helper.getDateAndTime(Helper.java:70)
	at org.helper.Helper.getDateAndTime(Helper.java:70)
	at org.helper.Helper.getDateAndTime(Helper.java:70)
	at org.helper.Helper.getDateAndTime(Helper.java:70)
	at org.helper.Helper.getDateAndTime(Helper.java:70)
	at org.helper.Helper.getDateAndTime(Helper.java:70)
	at org.helper.Helper.getDateAndTime(Helper.java:70)
	at org.helper.Helper.getDateAndTime(Helper.java:70)
	at org.helper.Helper.getDateAndTime(Helper.java:70)
	at org.helper.Helper.getDateAndTime(Helper.java:70)
	at org.helper.Helper.getDateAndTime(Helper.java:70)
	at org.helper.Helper.getDateAndTime(Helper.java:70)
	at org.helper.Helper.getDateAndTime(Helper.java:70)
	at org.helper.Helper.getDateAndTime(Helper.java:70)
	at org.helper.Helper.getDateAndTime(Helper.java:70)
	at org.helper.Helper.getDateAndTime(Helper.java:70)
	at org.helper.Helper.getDateAndTime(Helper.java:70)
	at org.helper.Helper.getDateAndTime(Helper.java:70)
	at org.helper.Helper.getDateAndTime(Helper.java:70)
	at org.helper.Helper.getDateAndTime(Helper.java:70)
	at org.helper.Helper.getDateAndTime(Helper.java:70)
	at org.helper.Helper.getDateAndTime(Helper.java:70)
	at org.helper.Helper.getDateAndTime(Helper.java:70)
	at org.helper.Helper.getDateAndTime(Helper.java:70)
	at org.helper.Helper.getDateAndTime(Helper.java:70)
	at org.helper.Helper.getDateAndTime(Helper.java:70)
	at org.helper.Helper.getDateAndTime(Helper.java:70)
	at org.helper.Helper.getDateAndTime(Helper.java:70)
	at org.helper.Helper.getDateAndTime(Helper.java:70)
	at org.helper.Helper.getDateAndTime(Helper.java:70)
	at org.helper.Helper.getDateAndTime(Helper.java:70)
	at org.helper.Helper.getDateAndTime(Helper.java:70)
	at org.helper.Helper.getDateAndTime(Helper.java:70)
	at org.helper.Helper.getDateAndTime(Helper.java:70)
	at org.helper.Helper.getDateAndTime(Helper.java:70)
	at org.helper.Helper.getDateAndTime(Helper.java:70)
	at org.helper.Helper.getDateAndTime(Helper.java:70)
	at org.helper.Helper.getDateAndTime(Helper.java:70)
	at org.helper.Helper.getDateAndTime(Helper.java:70)
	at org.helper.Helper.getDateAndTime(Helper.java:70)
	at org.helper.Helper.getDateAndTime(Helper.java:70)
	at org.helper.Helper.getDateAndTime(Helper.java:70)
	at org.helper.Helper.getDateAndTime(Helper.java:70)
	at org.helper.Helper.getDateAndTime(Helper.java:70)
	at org.helper.Helper.getDateAndTime(Helper.java:70)
	at org.helper.Helper.getDateAndTime(Helper.java:70)
	at org.helper.Helper.getDateAndTime(Helper.java:70)
	at org.helper.Helper.getDateAndTime(Helper.java:70)
	at org.helper.Helper.getDateAndTime(Helper.java:70)
	at org.helper.Helper.getDateAndTime(Helper.java:70)
	at org.helper.Helper.getDateAndTime(Helper.java:70)
	at org.helper.Helper.getDateAndTime(Helper.java:70)
	at org.helper.Helper.getDateAndTime(Helper.java:70)
	at org.helper.Helper.getDateAndTime(Helper.java:70)
	at org.helper.Helper.getDateAndTime(Helper.java:70)
	at org.helper.Helper.getDateAndTime(Helper.java:70)
	at org.helper.Helper.getDateAndTime(Helper.java:70)
	at org.helper.Helper.getDateAndTime(Helper.java:70)
	at org.helper.Helper.getDateAndTime(Helper.java:70)
	at org.helper.Helper.getDateAndTime(Helper.java:70)
	at org.helper.Helper.getDateAndTime(Helper.java:70)
	at org.helper.Helper.getDateAndTime(Helper.java:70)
	at org.helper.Helper.getDateAndTime(Helper.java:70)
	at org.helper.Helper.getDateAndTime(Helper.java:70)
	at org.helper.Helper.getDateAndTime(Helper.java:70)
	at org.helper.Helper.getDateAndTime(Helper.java:70)
	at org.helper.Helper.getDateAndTime(Helper.java:70)
	at org.helper.Helper.getDateAndTime(Helper.java:70)
	at org.helper.Helper.getDateAndTime(Helper.java:70)
	at org.helper.Helper.getDateAndTime(Helper.java:70)
	at org.helper.Helper.getDateAndTime(Helper.java:70)
	at org.helper.Helper.getDateAndTime(Helper.java:70)
	at org.helper.Helper.getDateAndTime(Helper.java:70)
	at org.helper.Helper.getDateAndTime(Helper.java:70)
	at org.helper.Helper.getDateAndTime(Helper.java:70)
	at org.helper.Helper.getDateAndTime(Helper.java:70)
	at org.helper.Helper.getDateAndTime(Helper.java:70)
	at org.helper.Helper.getDateAndTime(Helper.java:70)
	at org.helper.Helper.getDateAndTime(Helper.java:70)
	at org.helper.Helper.getDateAndTime(Helper.java:70)
	at org.helper.Helper.getDateAndTime(Helper.java:70)
	at org.helper.Helper.getDateAndTime(Helper.java:70)
	at org.helper.Helper.getDateAndTime(Helper.java:70)
	at org.helper.Helper.getDateAndTime(Helper.java:70)
	at org.helper.Helper.getDateAndTime(Helper.java:70)
	at org.helper.Helper.getDateAndTime(Helper.java:70)
	at org.helper.Helper.getDateAndTime(Helper.java:70)
	at org.helper.Helper.getDateAndTime(Helper.java:70)
	at org.helper.Helper.getDateAndTime(Helper.java:70)
	at org.helper.Helper.getDateAndTime(Helper.java:70)
	at org.helper.Helper.getDateAndTime(Helper.java:70)
	at org.helper.Helper.getDateAndTime(Helper.java:70)
	at org.helper.Helper.getDateAndTime(Helper.java:70)
	at org.helper.Helper.getDateAndTime(Helper.java:70)
	at org.helper.Helper.getDateAndTime(Helper.java:70)
	at org.helper.Helper.getDateAndTime(Helper.java:70)
	at org.helper.Helper.getDateAndTime(Helper.java:70)
	at org.helper.Helper.getDateAndTime(Helper.java:70)
	at org.helper.Helper.getDateAndTime(Helper.java:70)
	at org.helper.Helper.getDateAndTime(Helper.java:70)
	at org.helper.Helper.getDateAndTime(Helper.java:70)
	at org.helper.Helper.getDateAndTime(Helper.java:70)
	at org.helper.Helper.getDateAndTime(Helper.java:70)
	at org.helper.Helper.getDateAndTime(Helper.java:70)
	at org.helper.Helper.getDateAndTime(Helper.java:70)
	at org.helper.Helper.getDateAndTime(Helper.java:70)
	at org.helper.Helper.getDateAndTime(Helper.java:70)
	at org.helper.Helper.getDateAndTime(Helper.java:70)
	at org.helper.Helper.getDateAndTime(Helper.java:70)
	at org.helper.Helper.getDateAndTime(Helper.java:70)
	at org.helper.Helper.getDateAndTime(Helper.java:70)
	at org.helper.Helper.getDateAndTime(Helper.java:70)
	at org.helper.Helper.getDateAndTime(Helper.java:70)
	at org.helper.Helper.getDateAndTime(Helper.java:70)
	at org.helper.Helper.getDateAndTime(Helper.java:70)
	at org.helper.Helper.getDateAndTime(Helper.java:70)
	at org.helper.Helper.getDateAndTime(Helper.java:70)
	at org.helper.Helper.getDateAndTime(Helper.java:70)
	at org.helper.Helper.getDateAndTime(Helper.java:70)
	at org.helper.Helper.getDateAndTime(Helper.java:70)
	at org.helper.Helper.getDateAndTime(Helper.java:70)
	at org.helper.Helper.getDateAndTime(Helper.java:70)
	at org.helper.Helper.getDateAndTime(Helper.java:70)
	at org.helper.Helper.getDateAndTime(Helper.java:70)
	at org.helper.Helper.getDateAndTime(Helper.java:70)
	at org.helper.Helper.getDateAndTime(Helper.java:70)
	at org.helper.Helper.getDateAndTime(Helper.java:70)
	at org.helper.Helper.getDateAndTime(Helper.java:70)
	at org.helper.Helper.getDateAndTime(Helper.java:70)
	at org.helper.Helper.getDateAndTime(Helper.java:70)
	at org.helper.Helper.getDateAndTime(Helper.java:70)
	at org.helper.Helper.getDateAndTime(Helper.java:70)
	at org.helper.Helper.getDateAndTime(Helper.java:70)
	at org.helper.Helper.getDateAndTime(Helper.java:70)
	at org.helper.Helper.getDateAndTime(Helper.java:70)
	at org.helper.Helper.getDateAndTime(Helper.java:70)
	at org.helper.Helper.getDateAndTime(Helper.java:70)
	at org.helper.Helper.getDateAndTime(Helper.java:70)
	at org.helper.Helper.getDateAndTime(Helper.java:70)
	at org.helper.Helper.getDateAndTime(Helper.java:70)
	at org.helper.Helper.getDateAndTime(Helper.java:70)
	at org.helper.Helper.getDateAndTime(Helper.java:70)
	at org.helper.Helper.getDateAndTime(Helper.java:70)
	at org.helper.Helper.getDateAndTime(Helper.java:70)
	at org.helper.Helper.getDateAndTime(Helper.java:70)
	at org.helper.Helper.getDateAndTime(Helper.java:70)
	at org.helper.Helper.getDateAndTime(Helper.java:70)
	at org.helper.Helper.getDateAndTime(Helper.java:70)
	at org.helper.Helper.getDateAndTime(Helper.java:70)
	at org.helper.Helper.getDateAndTime(Helper.java:70)
	at org.helper.Helper.getDateAndTime(Helper.java:70)
	at org.helper.Helper.getDateAndTime(Helper.java:70)
	at org.helper.Helper.getDateAndTime(Helper.java:70)
	at org.helper.Helper.getDateAndTime(Helper.java:70)
	at org.helper.Helper.getDateAndTime(Helper.java:70)
	at org.helper.Helper.getDateAndTime(Helper.java:70)
	at org.helper.Helper.getDateAndTime(Helper.java:70)
	at org.helper.Helper.getDateAndTime(Helper.java:70)
	at org.helper.Helper.getDateAndTime(Helper.java:70)
	at org.helper.Helper.getDateAndTime(Helper.java:70)
	at org.helper.Helper.getDateAndTime(Helper.java:70)
	at org.helper.Helper.getDateAndTime(Helper.java:70)
	at org.helper.Helper.getDateAndTime(Helper.java:70)
	at org.helper.Helper.getDateAndTime(Helper.java:70)
	at org.helper.Helper.getDateAndTime(Helper.java:70)
	at org.helper.Helper.getDateAndTime(Helper.java:70)
	at org.helper.Helper.getDateAndTime(Helper.java:70)
	at org.helper.Helper.getDateAndTime(Helper.java:70)
	at org.helper.Helper.getDateAndTime(Helper.java:70)
	at org.helper.Helper.getDateAndTime(Helper.java:70)
	at org.helper.Helper.getDateAndTime(Helper.java:70)
	at org.helper.Helper.getDateAndTime(Helper.java:70)
	at org.helper.Helper.getDateAndTime(Helper.java:70)
	at org.helper.Helper.getDateAndTime(Helper.java:70)
	at org.helper.Helper.getDateAndTime(Helper.java:70)
	at org.helper.Helper.getDateAndTime(Helper.java:70)
	at org.helper.Helper.getDateAndTime(Helper.java:70)
	at org.helper.Helper.getDateAndTime(Helper.java:70)
	at org.helper.Helper.getDateAndTime(Helper.java:70)
	at org.helper.Helper.getDateAndTime(Helper.java:70)
	at org.helper.Helper.getDateAndTime(Helper.java:70)
	at org.helper.Helper.getDateAndTime(Helper.java:70)
	at org.helper.Helper.getDateAndTime(Helper.java:70)
	at org.helper.Helper.getDateAndTime(Helper.java:70)
	at org.helper.Helper.getDateAndTime(Helper.java:70)
	at org.helper.Helper.getDateAndTime(Helper.java:70)
	at org.helper.Helper.getDateAndTime(Helper.java:70)
	at org.helper.Helper.getDateAndTime(Helper.java:70)
	at org.helper.Helper.getDateAndTime(Helper.java:70)
	at org.helper.Helper.getDateAndTime(Helper.java:70)
	at org.helper.Helper.getDateAndTime(Helper.java:70)
	at org.helper.Helper.getDateAndTime(Helper.java:70)
	at org.helper.Helper.getDateAndTime(Helper.java:70)
	at org.helper.Helper.getDateAndTime(Helper.java:70)
	at org.helper.Helper.getDateAndTime(Helper.java:70)
	at org.helper.Helper.getDateAndTime(Helper.java:70)
	at org.helper.Helper.getDateAndTime(Helper.java:70)
	at org.helper.Helper.getDateAndTime(Helper.java:70)
	at org.helper.Helper.getDateAndTime(Helper.java:70)
	at org.helper.Helper.getDateAndTime(Helper.java:70)
	at org.helper.Helper.getDateAndTime(Helper.java:70)
	at org.helper.Helper.getDateAndTime(Helper.java:70)
	at org.helper.Helper.getDateAndTime(Helper.java:70)
	at org.helper.Helper.getDateAndTime(Helper.java:70)
	at org.helper.Helper.getDateAndTime(Helper.java:70)
	at org.helper.Helper.getDateAndTime(Helper.java:70)
	at org.helper.Helper.getDateAndTime(Helper.java:70)
	at org.helper.Helper.getDateAndTime(Helper.java:70)
	at org.helper.Helper.getDateAndTime(Helper.java:70)
	at org.helper.Helper.getDateAndTime(Helper.java:70)
	at org.helper.Helper.getDateAndTime(Helper.java:70)
	at org.helper.Helper.getDateAndTime(Helper.java:70)
	at org.helper.Helper.getDateAndTime(Helper.java:70)
	at org.helper.Helper.getDateAndTime(Helper.java:70)
	at org.helper.Helper.getDateAndTime(Helper.java:70)
	at org.helper.Helper.getDateAndTime(Helper.java:70)
	at org.helper.Helper.getDateAndTime(Helper.java:70)
	at org.helper.Helper.getDateAndTime(Helper.java:70)
	at org.helper.Helper.getDateAndTime(Helper.java:70)
	at org.helper.Helper.getDateAndTime(Helper.java:70)
	at org.helper.Helper.getDateAndTime(Helper.java:70)
	at org.helper.Helper.getDateAndTime(Helper.java:70)
	at org.helper.Helper.getDateAndTime(Helper.java:70)
	at org.helper.Helper.getDateAndTime(Helper.java:70)
	at org.helper.Helper.getDateAndTime(Helper.java:70)
	at org.helper.Helper.getDateAndTime(Helper.java:70)
	at org.helper.Helper.getDateAndTime(Helper.java:70)
	at org.helper.Helper.getDateAndTime(Helper.java:70)
	at org.helper.Helper.getDateAndTime(Helper.java:70)
	at org.helper.Helper.getDateAndTime(Helper.java:70)
	at org.helper.Helper.getDateAndTime(Helper.java:70)
	at org.helper.Helper.getDateAndTime(Helper.java:70)
	at org.helper.Helper.getDateAndTime(Helper.java:70)
	at org.helper.Helper.getDateAndTime(Helper.java:70)
	at org.helper.Helper.getDateAndTime(Helper.java:70)
	at org.helper.Helper.getDateAndTime(Helper.java:70)
	at org.helper.Helper.getDateAndTime(Helper.java:70)
	at org.helper.Helper.getDateAndTime(Helper.java:70)
	at org.helper.Helper.getDateAndTime(Helper.java:70)
	at org.helper.Helper.getDateAndTime(Helper.java:70)
	at org.helper.Helper.getDateAndTime(Helper.java:70)
	at org.helper.Helper.getDateAndTime(Helper.java:70)
	at org.helper.Helper.getDateAndTime(Helper.java:70)
	at org.helper.Helper.getDateAndTime(Helper.java:70)
	at org.helper.Helper.getDateAndTime(Helper.java:70)
	at org.helper.Helper.getDateAndTime(Helper.java:70)
	at org.helper.Helper.getDateAndTime(Helper.java:70)
	at org.helper.Helper.getDateAndTime(Helper.java:70)
	at org.helper.Helper.getDateAndTime(Helper.java:70)
	at org.helper.Helper.getDateAndTime(Helper.java:70)
	at org.helper.Helper.getDateAndTime(Helper.java:70)
	at org.helper.Helper.getDateAndTime(Helper.java:70)
	at org.helper.Helper.getDateAndTime(Helper.java:70)
	at org.helper.Helper.getDateAndTime(Helper.java:70)
	at org.helper.Helper.getDateAndTime(Helper.java:70)
	at org.helper.Helper.getDateAndTime(Helper.java:70)
	at org.helper.Helper.getDateAndTime(Helper.java:70)
	at org.helper.Helper.getDateAndTime(Helper.java:70)
	at org.helper.Helper.getDateAndTime(Helper.java:70)
	at org.helper.Helper.getDateAndTime(Helper.java:70)
	at org.helper.Helper.getDateAndTime(Helper.java:70)
	at org.helper.Helper.getDateAndTime(Helper.java:70)
	at org.helper.Helper.getDateAndTime(Helper.java:70)
	at org.helper.Helper.getDateAndTime(Helper.java:70)
	at org.helper.Helper.getDateAndTime(Helper.java:70)
	at org.helper.Helper.getDateAndTime(Helper.java:70)
	at org.helper.Helper.getDateAndTime(Helper.java:70)
	at org.helper.Helper.getDateAndTime(Helper.java:70)
	at org.helper.Helper.getDateAndTime(Helper.java:70)
	at org.helper.Helper.getDateAndTime(Helper.java:70)
	at org.helper.Helper.getDateAndTime(Helper.java:70)
	at org.helper.Helper.getDateAndTime(Helper.java:70)
	at org.helper.Helper.getDateAndTime(Helper.java:70)
	at org.helper.Helper.getDateAndTime(Helper.java:70)
	at org.helper.Helper.getDateAndTime(Helper.java:70)
	at org.helper.Helper.getDateAndTime(Helper.java:70)
	at org.helper.Helper.getDateAndTime(Helper.java:70)
	at org.helper.Helper.getDateAndTime(Helper.java:70)
	at org.helper.Helper.getDateAndTime(Helper.java:70)
	at org.helper.Helper.getDateAndTime(Helper.java:70)
	at org.helper.Helper.getDateAndTime(Helper.java:70)
	at org.helper.Helper.getDateAndTime(Helper.java:70)
	at org.helper.Helper.getDateAndTime(Helper.java:70)
	at org.helper.Helper.getDateAndTime(Helper.java:70)
	at org.helper.Helper.getDateAndTime(Helper.java:70)
	at org.helper.Helper.getDateAndTime(Helper.java:70)
	at org.helper.Helper.getDateAndTime(Helper.java:70)
	at org.helper.Helper.getDateAndTime(Helper.java:70)
	at org.helper.Helper.getDateAndTime(Helper.java:70)
	at org.helper.Helper.getDateAndTime(Helper.java:70)
	at org.helper.Helper.getDateAndTime(Helper.java:70)
	at org.helper.Helper.getDateAndTime(Helper.java:70)
	at org.helper.Helper.getDateAndTime(Helper.java:70)
	at org.helper.Helper.getDateAndTime(Helper.java:70)
	at org.helper.Helper.getDateAndTime(Helper.java:70)
	at org.helper.Helper.getDateAndTime(Helper.java:70)
	at org.helper.Helper.getDateAndTime(Helper.java:70)
	at org.helper.Helper.getDateAndTime(Helper.java:70)
	at org.helper.Helper.getDateAndTime(Helper.java:70)
	at org.helper.Helper.getDateAndTime(Helper.java:70)
	at org.helper.Helper.getDateAndTime(Helper.java:70)
	at org.helper.Helper.getDateAndTime(Helper.java:70)
	at org.helper.Helper.getDateAndTime(Helper.java:70)
	at org.helper.Helper.getDateAndTime(Helper.java:70)
	at org.helper.Helper.getDateAndTime(Helper.java:70)
	at org.helper.Helper.getDateAndTime(Helper.java:70)
	at org.helper.Helper.getDateAndTime(Helper.java:70)
	at org.helper.Helper.getDateAndTime(Helper.java:70)
	at org.helper.Helper.getDateAndTime(Helper.java:70)
	at org.helper.Helper.getDateAndTime(Helper.java:70)
	at org.helper.Helper.getDateAndTime(Helper.java:70)
	at org.helper.Helper.getDateAndTime(Helper.java:70)
	at org.helper.Helper.getDateAndTime(Helper.java:70)
	at org.helper.Helper.getDateAndTime(Helper.java:70)
	at org.helper.Helper.getDateAndTime(Helper.java:70)
	at org.helper.Helper.getDateAndTime(Helper.java:70)
	at org.helper.Helper.getDateAndTime(Helper.java:70)
	at org.helper.Helper.getDateAndTime(Helper.java:70)
	at org.helper.Helper.getDateAndTime(Helper.java:70)
	at org.helper.Helper.getDateAndTime(Helper.java:70)
	at org.helper.Helper.getDateAndTime(Helper.java:70)
	at org.helper.Helper.getDateAndTime(Helper.java:70)
	at org.helper.Helper.getDateAndTime(Helper.java:70)
	at org.helper.Helper.getDateAndTime(Helper.java:70)
]]>
    </error>
  </testcase> <!-- tc1 -->
</testsuite> <!-- org.test.NewTest -->
